<?xml version="1.0" encoding="UTF-8"?>
<testsuite name="ch.noseryoung.test.ConsoleStreamTest" tests="1" skipped="0" failures="0" errors="0" timestamp="2023-03-30T09:08:14" hostname="DESKTOP-T22Q940" time="0.029">
  <properties/>
  <testcase name="test_GetString_ConsoleNameAndReleaseInNovemberSortedByDay()" classname="ch.noseryoung.test.ConsoleStreamTest" time="0.029"/>
  <system-out><![CDATA[]]></system-out>
  <system-err><![CDATA[]]></system-err>
</testsuite>
