<?xml version="1.0" encoding="UTF-8"?>
<testsuite name="GameTest" tests="1" skipped="0" failures="0" errors="0" timestamp="2023-06-08T11:31:21" hostname="DESKTOP-T22Q940" time="0.021">
  <properties/>
  <testcase name="moveRight_onGoal()" classname="GameTest" time="0.021"/>
  <system-out><![CDATA[]]></system-out>
  <system-err><![CDATA[]]></system-err>
</testsuite>
